<?xml version="1.0" encoding="UTF-8"?>
<testng-results ignored="27" total="44" passed="17" failed="0" skipped="0">
  <reporter-output>
  </reporter-output>
  <suite started-at="2021-10-22T00:23:24 IST" name="Suite" finished-at="2021-10-22T00:24:03 IST" duration-ms="39799">
    <groups>
    </groups>
    <test started-at="2021-10-22T00:23:24 IST" name="login" finished-at="2021-10-22T00:23:36 IST" duration-ms="12364">
      <class name="testcases.LoginPage">
        <test-method is-config="true" signature="setup()[pri:0, instance:testcases.LoginPage@723ca036]" started-at="2021-10-22T00:23:24 IST" name="setup" finished-at="2021-10-22T00:23:31 IST" duration-ms="7468" status="PASS">
          <reporter-output>
          </reporter-output>
        </test-method> <!-- setup -->
        <test-method signature="Login()[pri:1, instance:testcases.LoginPage@723ca036]" started-at="2021-10-22T00:23:31 IST" name="Login" finished-at="2021-10-22T00:23:32 IST" duration-ms="595" status="PASS">
          <reporter-output>
          </reporter-output>
        </test-method> <!-- Login -->
        <test-method is-config="true" signature="setup()[pri:0, instance:testcases.LoginPage@723ca036]" started-at="2021-10-22T00:23:32 IST" name="setup" finished-at="2021-10-22T00:23:32 IST" duration-ms="1" status="PASS">
          <reporter-output>
          </reporter-output>
        </test-method> <!-- setup -->
        <test-method signature="EnterValidCredentials()[pri:2, instance:testcases.LoginPage@723ca036]" started-at="2021-10-22T00:23:32 IST" name="EnterValidCredentials" finished-at="2021-10-22T00:23:36 IST" duration-ms="4221" status="PASS">
          <reporter-output>
          </reporter-output>
        </test-method> <!-- EnterValidCredentials -->
      </class> <!-- testcases.LoginPage -->
    </test> <!-- login -->
    <test started-at="2021-10-22T00:23:36 IST" name="clearshoppingcart" finished-at="2021-10-22T00:23:40 IST" duration-ms="4011">
      <class name="testcases.ClearShoppingCart">
        <test-method is-config="true" signature="setup()[pri:0, instance:testcases.ClearShoppingCart@4b8d604b]" started-at="2021-10-22T00:23:36 IST" name="setup" finished-at="2021-10-22T00:23:36 IST" duration-ms="0" status="PASS">
          <reporter-output>
          </reporter-output>
        </test-method> <!-- setup -->
        <test-method signature="ClearAddToCartAndGoToBooks()[pri:0, instance:testcases.ClearShoppingCart@4b8d604b]" started-at="2021-10-22T00:23:36 IST" name="ClearAddToCartAndGoToBooks" finished-at="2021-10-22T00:23:40 IST" duration-ms="4004" status="PASS">
          <reporter-output>
          </reporter-output>
        </test-method> <!-- ClearAddToCartAndGoToBooks -->
      </class> <!-- testcases.ClearShoppingCart -->
    </test> <!-- clearshoppingcart -->
    <test started-at="2021-10-22T00:23:40 IST" name="books" finished-at="2021-10-22T00:24:03 IST" duration-ms="22255">
      <class name="testcases.Checkout">
        <test-method signature="excelR(java.lang.String,java.lang.String,java.lang.String,java.lang.String,java.lang.String,java.lang.String,java.lang.String,java.lang.String)[pri:0, instance:testcases.Checkout@6b09fb41]" started-at="2021-10-22T00:23:55 IST" name="excelR" data-provider="LoginData1" finished-at="2021-10-22T00:23:57 IST" duration-ms="1615" status="PASS">
          <params>
            <param index="0">
              <value>
                <![CDATA[prasad1]]>
              </value>
            </param>
            <param index="1">
              <value>
                <![CDATA[test1]]>
              </value>
            </param>
            <param index="2">
              <value>
                <![CDATA[abc1234@gmail.com]]>
              </value>
            </param>
            <param index="3">
              <value>
                <![CDATA[andhrapradesh]]>
              </value>
            </param>
            <param index="4">
              <value>
                <![CDATA[door no:12345]]>
              </value>
            </param>
            <param index="5">
              <value>
                <![CDATA[testnew1]]>
              </value>
            </param>
            <param index="6">
              <value>
                <![CDATA[123456]]>
              </value>
            </param>
            <param index="7">
              <value>
                <![CDATA[98765432119]]>
              </value>
            </param>
          </params>
          <reporter-output>
          </reporter-output>
        </test-method> <!-- excelR -->
        <test-method is-config="true" signature="setup()[pri:0, instance:testcases.Checkout@6b09fb41]" started-at="2021-10-22T00:23:55 IST" name="setup" finished-at="2021-10-22T00:23:55 IST" duration-ms="0" status="PASS">
          <reporter-output>
          </reporter-output>
        </test-method> <!-- setup -->
        <test-method is-config="true" signature="setup()[pri:0, instance:testcases.Checkout@6b09fb41]" started-at="2021-10-22T00:23:57 IST" name="setup" finished-at="2021-10-22T00:23:57 IST" duration-ms="1" status="PASS">
          <reporter-output>
          </reporter-output>
        </test-method> <!-- setup -->
        <test-method signature="BillingAddress()[pri:1, instance:testcases.Checkout@6b09fb41]" started-at="2021-10-22T00:23:57 IST" name="BillingAddress" finished-at="2021-10-22T00:23:57 IST" duration-ms="79" status="PASS">
          <reporter-output>
          </reporter-output>
        </test-method> <!-- BillingAddress -->
      </class> <!-- testcases.Checkout -->
      <class name="testcases.ShippingMethod">
        <test-method is-config="true" signature="setup()[pri:0, instance:testcases.ShippingMethod@3932c79a]" started-at="2021-10-22T00:23:58 IST" name="setup" finished-at="2021-10-22T00:23:58 IST" duration-ms="0" status="PASS">
          <reporter-output>
          </reporter-output>
        </test-method> <!-- setup -->
        <test-method signature="ShippingMethodNextDayAir()[pri:0, instance:testcases.ShippingMethod@3932c79a]" started-at="2021-10-22T00:23:58 IST" name="ShippingMethodNextDayAir" finished-at="2021-10-22T00:23:58 IST" duration-ms="541" status="PASS">
          <reporter-output>
          </reporter-output>
        </test-method> <!-- ShippingMethodNextDayAir -->
      </class> <!-- testcases.ShippingMethod -->
      <class name="testcases.ConfrmOrder">
        <test-method is-config="true" signature="setup()[pri:0, instance:testcases.ConfrmOrder@34bde49d]" started-at="2021-10-22T00:23:59 IST" name="setup" finished-at="2021-10-22T00:23:59 IST" duration-ms="1" status="PASS">
          <reporter-output>
          </reporter-output>
        </test-method> <!-- setup -->
        <test-method signature="confirmorder()[pri:0, instance:testcases.ConfrmOrder@34bde49d]" started-at="2021-10-22T00:23:59 IST" name="confirmorder" finished-at="2021-10-22T00:24:02 IST" duration-ms="2389" status="PASS">
          <reporter-output>
          </reporter-output>
        </test-method> <!-- confirmorder -->
      </class> <!-- testcases.ConfrmOrder -->
      <class name="testcases.ShippingAddress">
        <test-method is-config="true" signature="setup()[pri:0, instance:testcases.ShippingAddress@624ea235]" started-at="2021-10-22T00:23:57 IST" name="setup" finished-at="2021-10-22T00:23:57 IST" duration-ms="1" status="PASS">
          <reporter-output>
          </reporter-output>
        </test-method> <!-- setup -->
        <test-method signature="shippingAddress()[pri:1, instance:testcases.ShippingAddress@624ea235]" started-at="2021-10-22T00:23:57 IST" name="shippingAddress" finished-at="2021-10-22T00:23:58 IST" duration-ms="1088" status="PASS">
          <reporter-output>
          </reporter-output>
        </test-method> <!-- shippingAddress -->
        <test-method is-config="true" signature="setup()[pri:0, instance:testcases.ShippingAddress@624ea235]" started-at="2021-10-22T00:23:58 IST" name="setup" finished-at="2021-10-22T00:23:58 IST" duration-ms="0" status="PASS">
          <reporter-output>
          </reporter-output>
        </test-method> <!-- setup -->
        <test-method signature="shippingaddress()[pri:2, instance:testcases.ShippingAddress@624ea235]" started-at="2021-10-22T00:23:58 IST" name="shippingaddress" finished-at="2021-10-22T00:23:58 IST" duration-ms="92" status="PASS">
          <reporter-output>
          </reporter-output>
        </test-method> <!-- shippingaddress -->
      </class> <!-- testcases.ShippingAddress -->
      <class name="testcases.PaymentInfo">
        <test-method is-config="true" signature="setup()[pri:0, instance:testcases.PaymentInfo@23f5b5dc]" started-at="2021-10-22T00:23:59 IST" name="setup" finished-at="2021-10-22T00:23:59 IST" duration-ms="1" status="PASS">
          <reporter-output>
          </reporter-output>
        </test-method> <!-- setup -->
        <test-method signature="paymentinfo()[pri:0, instance:testcases.PaymentInfo@23f5b5dc]" started-at="2021-10-22T00:23:59 IST" name="paymentinfo" finished-at="2021-10-22T00:23:59 IST" duration-ms="350" status="PASS">
          <reporter-output>
          </reporter-output>
        </test-method> <!-- paymentinfo -->
      </class> <!-- testcases.PaymentInfo -->
      <class name="testcases.GoToCart">
        <test-method signature="MoveToShippingCartAndClick()[pri:1, instance:testcases.GoToCart@97e93f1]" started-at="2021-10-22T00:23:45 IST" name="MoveToShippingCartAndClick" finished-at="2021-10-22T00:23:49 IST" duration-ms="3079" status="PASS">
          <reporter-output>
          </reporter-output>
        </test-method> <!-- MoveToShippingCartAndClick -->
        <test-method is-config="true" signature="setup()[pri:0, instance:testcases.GoToCart@97e93f1]" started-at="2021-10-22T00:23:45 IST" name="setup" finished-at="2021-10-22T00:23:45 IST" duration-ms="0" status="PASS">
          <reporter-output>
          </reporter-output>
        </test-method> <!-- setup -->
      </class> <!-- testcases.GoToCart -->
      <class name="testcases.PaymentMethod">
        <test-method is-config="true" signature="setup()[pri:0, instance:testcases.PaymentMethod@782859e]" started-at="2021-10-22T00:23:58 IST" name="setup" finished-at="2021-10-22T00:23:58 IST" duration-ms="0" status="PASS">
          <reporter-output>
          </reporter-output>
        </test-method> <!-- setup -->
        <test-method signature="paymentmethod()[pri:0, instance:testcases.PaymentMethod@782859e]" started-at="2021-10-22T00:23:58 IST" name="paymentmethod" finished-at="2021-10-22T00:23:59 IST" duration-ms="501" status="PASS">
          <reporter-output>
          </reporter-output>
        </test-method> <!-- paymentmethod -->
      </class> <!-- testcases.PaymentMethod -->
      <class name="testcases.CheckoutBillingAddress">
        <test-method is-config="true" signature="setup()[pri:0, instance:testcases.CheckoutBillingAddress@5a5a729f]" started-at="2021-10-22T00:23:49 IST" name="setup" finished-at="2021-10-22T00:23:49 IST" duration-ms="0" status="PASS">
          <reporter-output>
          </reporter-output>
        </test-method> <!-- setup -->
        <test-method signature="checkout()[pri:1, instance:testcases.CheckoutBillingAddress@5a5a729f]" started-at="2021-10-22T00:23:49 IST" name="checkout" finished-at="2021-10-22T00:23:52 IST" duration-ms="3860" status="PASS">
          <reporter-output>
          </reporter-output>
        </test-method> <!-- checkout -->
        <test-method is-config="true" signature="setup()[pri:0, instance:testcases.CheckoutBillingAddress@5a5a729f]" started-at="2021-10-22T00:23:52 IST" name="setup" finished-at="2021-10-22T00:23:52 IST" duration-ms="0" status="PASS">
          <reporter-output>
          </reporter-output>
        </test-method> <!-- setup -->
        <test-method signature="BillingAddressdropdown()[pri:2, instance:testcases.CheckoutBillingAddress@5a5a729f]" started-at="2021-10-22T00:23:52 IST" name="BillingAddressdropdown" finished-at="2021-10-22T00:23:53 IST" duration-ms="177" status="PASS">
          <reporter-output>
          </reporter-output>
        </test-method> <!-- BillingAddressdropdown -->
      </class> <!-- testcases.CheckoutBillingAddress -->
      <class name="testcases.SuccessfullyProcessed">
        <test-method is-config="true" signature="setup()[pri:0, instance:testcases.SuccessfullyProcessed@1b1cfb87]" started-at="2021-10-22T00:24:02 IST" name="setup" finished-at="2021-10-22T00:24:02 IST" duration-ms="2" status="PASS">
          <reporter-output>
          </reporter-output>
        </test-method> <!-- setup -->
        <test-method signature="successfullprocessed()[pri:0, instance:testcases.SuccessfullyProcessed@1b1cfb87]" started-at="2021-10-22T00:24:02 IST" name="successfullprocessed" finished-at="2021-10-22T00:24:02 IST" duration-ms="747" status="PASS">
          <reporter-output>
          </reporter-output>
        </test-method> <!-- successfullprocessed -->
      </class> <!-- testcases.SuccessfullyProcessed -->
      <class name="testcases.Books">
        <test-method is-config="true" signature="setup()[pri:0, instance:testcases.Books@aba625]" started-at="2021-10-22T00:23:40 IST" name="setup" finished-at="2021-10-22T00:23:40 IST" duration-ms="0" status="PASS">
          <reporter-output>
          </reporter-output>
        </test-method> <!-- setup -->
        <test-method signature="SelectBooksAddtocart()[pri:0, instance:testcases.Books@aba625]" started-at="2021-10-22T00:23:40 IST" name="SelectBooksAddtocart" finished-at="2021-10-22T00:23:45 IST" duration-ms="5211" status="PASS">
          <reporter-output>
          </reporter-output>
        </test-method> <!-- SelectBooksAddtocart -->
      </class> <!-- testcases.Books -->
    </test> <!-- books -->
    <test started-at="2021-10-22T00:24:03 IST" name="logout" finished-at="2021-10-22T00:24:03 IST" duration-ms="958">
      <class name="testcases.Logout">
        <test-method is-config="true" signature="BeforeSuite()[pri:0, instance:testcases.Logout@6f15d60e]" started-at="2021-10-22T00:23:23 IST" name="BeforeSuite" finished-at="2021-10-22T00:23:24 IST" duration-ms="267" status="PASS">
          <reporter-output>
          </reporter-output>
        </test-method> <!-- BeforeSuite -->
        <test-method signature="logout()[pri:0, instance:testcases.Logout@6f15d60e]" started-at="2021-10-22T00:24:03 IST" name="logout" finished-at="2021-10-22T00:24:03 IST" duration-ms="953" status="PASS">
          <reporter-output>
          </reporter-output>
        </test-method> <!-- logout -->
        <test-method is-config="true" signature="setup()[pri:0, instance:testcases.Logout@6f15d60e]" started-at="2021-10-22T00:24:03 IST" name="setup" finished-at="2021-10-22T00:24:03 IST" duration-ms="0" status="PASS">
          <reporter-output>
          </reporter-output>
        </test-method> <!-- setup -->
        <test-method is-config="true" signature="AfterSuite()[pri:0, instance:testcases.Logout@6f15d60e]" started-at="2021-10-22T00:24:04 IST" name="AfterSuite" finished-at="2021-10-22T00:24:04 IST" duration-ms="921" status="PASS">
          <reporter-output>
          </reporter-output>
        </test-method> <!-- AfterSuite -->
        <test-method is-config="true" signature="tearDown()[pri:0, instance:testcases.Logout@6f15d60e]" started-at="2021-10-22T00:24:04 IST" name="tearDown" finished-at="2021-10-22T00:24:05 IST" duration-ms="845" status="FAIL">
          <exception class="org.openqa.selenium.NoSuchSessionException">
            <message>
              <![CDATA[Session ID is null. Using WebDriver after calling quit()?
Build info: version: '3.141.59', revision: 'e82be7d358', time: '2018-11-14T08:17:03'
System info: host: 'DESKTOP-JP7AAGV', ip: '192.168.0.101', os.name: 'Windows 10', os.arch: 'amd64', os.version: '10.0', java.version: '15.0.1'
Driver info: driver.version: RemoteWebDriver]]>
            </message>
            <full-stacktrace>
              <![CDATA[org.openqa.selenium.NoSuchSessionException: Session ID is null. Using WebDriver after calling quit()?
Build info: version: '3.141.59', revision: 'e82be7d358', time: '2018-11-14T08:17:03'
System info: host: 'DESKTOP-JP7AAGV', ip: '192.168.0.101', os.name: 'Windows 10', os.arch: 'amd64', os.version: '10.0', java.version: '15.0.1'
Driver info: driver.version: RemoteWebDriver
at org.openqa.selenium.remote.HttpCommandExecutor.execute(HttpCommandExecutor.java:125)
at org.openqa.selenium.remote.service.DriverCommandExecutor.execute(DriverCommandExecutor.java:83)
at org.openqa.selenium.remote.RemoteWebDriver.execute(RemoteWebDriver.java:552)
at org.openqa.selenium.remote.RemoteWebDriver.execute(RemoteWebDriver.java:609)
at org.openqa.selenium.remote.RemoteWebDriver.close(RemoteWebDriver.java:442)
at baseclass.baseclass.tearDown(baseclass.java:144)
at java.base/jdk.internal.reflect.NativeMethodAccessorImpl.invoke0(Native Method)
at java.base/jdk.internal.reflect.NativeMethodAccessorImpl.invoke(NativeMethodAccessorImpl.java:64)
at java.base/jdk.internal.reflect.DelegatingMethodAccessorImpl.invoke(DelegatingMethodAccessorImpl.java:43)
at java.base/java.lang.reflect.Method.invoke(Method.java:564)
at org.testng.internal.MethodInvocationHelper.invokeMethod(MethodInvocationHelper.java:133)
at org.testng.internal.MethodInvocationHelper.invokeMethodConsideringTimeout(MethodInvocationHelper.java:62)
at org.testng.internal.ConfigInvoker.invokeConfigurationMethod(ConfigInvoker.java:385)
at org.testng.internal.ConfigInvoker.invokeConfigurations(ConfigInvoker.java:321)
at org.testng.SuiteRunner.privateRun(SuiteRunner.java:344)
at org.testng.SuiteRunner.run(SuiteRunner.java:276)
at org.testng.SuiteRunnerWorker.runSuite(SuiteRunnerWorker.java:53)
at org.testng.SuiteRunnerWorker.run(SuiteRunnerWorker.java:96)
at org.testng.TestNG.runSuitesSequentially(TestNG.java:1212)
at org.testng.TestNG.runSuitesLocally(TestNG.java:1134)
at org.testng.TestNG.runSuites(TestNG.java:1063)
at org.testng.TestNG.run(TestNG.java:1031)
at org.testng.remote.AbstractRemoteTestNG.run(AbstractRemoteTestNG.java:115)
at org.testng.remote.RemoteTestNG.initAndRun(RemoteTestNG.java:251)
at org.testng.remote.RemoteTestNG.main(RemoteTestNG.java:77)
]]>
            </full-stacktrace>
          </exception> <!-- org.openqa.selenium.NoSuchSessionException -->
          <reporter-output>
          </reporter-output>
        </test-method> <!-- tearDown -->
      </class> <!-- testcases.Logout -->
    </test> <!-- logout -->
  </suite> <!-- Suite -->
</testng-results>
